<?xml version="1.0" encoding="UTF-8"?>
<testsuite xmlns:xsi="http://www.w3.org/2001/XMLSchema-instance" xsi:noNamespaceSchemaLocation="https://maven.apache.org/surefire/maven-surefire-plugin/xsd/surefire-test-report-3.0.xsd" version="3.0" name="com.sas.Spring006MysqlApplicationTests" time="5.839" tests="1" errors="0" skipped="0" failures="0">
  <properties>
[...]
</properties>
  <testcase name="contextLoads" classname="com.sas.Spring006MysqlApplicationTests" time="0.429">
    <system-out><![CDATA[22:41:03.843 [main] INFO org.springframework.test.context.support.AnnotationConfigContextLoaderUtils -- Could not detect default configuration classes for test class [com.sas.Spring006MysqlApplicationTests]: Spring006MysqlApplicationTests does not declare any static, non-private, non-final, nested classes annotated with @Configuration.
22:41:04.011 [main] INFO org.springframework.boot.test.context.SpringBootTestContextBootstrapper -- Found @SpringBootConfiguration com.sas.Spring006MysqlApplication for test class com.sas.Spring006MysqlApplicationTests
22:41:04.214 [main] INFO org.springframework.boot.devtools.restart.RestartApplicationListener -- Restart disabled due to context in which it is running

  .   ____          _            __ _ _
 /\\ / ___'_ __ _ _(_)_ __  __ _ \ \ \ \
( ( )\___ | '_ | '_| | '_ \/ _` | \ \ \ \
 \\/  ___)| |_)| | | | | || (_| |  ) ) ) )
  '  |____| .__|_| |_|_| |_\__, | / / / /
 =========|_|==============|___/=/_/_/_/
 :: Spring Boot ::                (v3.2.2)

2024-02-09T22:41:04.468+01:00  INFO 17540 --- [           main] com.sas.Spring006MysqlApplicationTests   : Starting Spring006MysqlApplicationTests using Java 21.0.1 with PID 17540 (started by 30 in C:\Users\30\Desktop\Spring-tests\Spring\spring-006-mysql)
2024-02-09T22:41:04.470+01:00  INFO 17540 --- [           main] com.sas.Spring006MysqlApplicationTests   : No active profile set, falling back to 1 default profile: "default"
2024-02-09T22:41:05.145+01:00  INFO 17540 --- [           main] .s.d.r.c.RepositoryConfigurationDelegate : Bootstrapping Spring Data JPA repositories in DEFAULT mode.
2024-02-09T22:41:05.215+01:00  INFO 17540 --- [           main] .s.d.r.c.RepositoryConfigurationDelegate : Finished Spring Data repository scanning in 60 ms. Found 5 JPA repository interfaces.
2024-02-09T22:41:05.671+01:00  INFO 17540 --- [           main] o.hibernate.jpa.internal.util.LogHelper  : HHH000204: Processing PersistenceUnitInfo [name: default]
2024-02-09T22:41:05.767+01:00  INFO 17540 --- [           main] org.hibernate.Version                    : HHH000412: Hibernate ORM core version 6.4.1.Final
2024-02-09T22:41:05.809+01:00  INFO 17540 --- [           main] o.h.c.internal.RegionFactoryInitiator    : HHH000026: Second-level cache disabled
2024-02-09T22:41:06.061+01:00  INFO 17540 --- [           main] o.s.o.j.p.SpringPersistenceUnitInfo      : No LoadTimeWeaver setup: ignoring JPA class transformer
2024-02-09T22:41:06.093+01:00  INFO 17540 --- [           main] com.zaxxer.hikari.HikariDataSource       : HikariPool-1 - Starting...
2024-02-09T22:41:06.479+01:00  INFO 17540 --- [           main] com.zaxxer.hikari.pool.HikariPool        : HikariPool-1 - Added connection com.mysql.cj.jdbc.ConnectionImpl@57416e49
2024-02-09T22:41:06.481+01:00  INFO 17540 --- [           main] com.zaxxer.hikari.HikariDataSource       : HikariPool-1 - Start completed.
2024-02-09T22:41:07.428+01:00  INFO 17540 --- [           main] o.h.e.t.j.p.i.JtaPlatformInitiator       : HHH000489: No JTA platform available (set 'hibernate.transaction.jta.platform' to enable JTA platform integration)
Hibernate: alter table book drop foreign key FKklnrv3weler2ftkweewlky958
Hibernate: alter table films_categories drop foreign key FKkbqfnq9py5xl1sbfom0dfrko8
Hibernate: alter table films_categories drop foreign key FKksm5810247sab9tqf0x9qe7og
Hibernate: alter table users drop foreign key FKditu6lr4ek16tkxtdsne0gxib
Hibernate: drop table if exists address
Hibernate: drop table if exists author
Hibernate: drop table if exists book
Hibernate: drop table if exists categories
Hibernate: drop table if exists films
Hibernate: drop table if exists films_categories
Hibernate: drop table if exists users
Hibernate: create table address (id bigint not null auto_increment, city varchar(255), street varchar(255), primary key (id)) engine=InnoDB
Hibernate: create table author (available bit, fecha_nacimiento date, salary float(53), id bigint not null auto_increment, name varchar(50) not null, email varchar(255), primary key (id)) engine=InnoDB
Hibernate: create table book (price float(53), author_id bigint, id bigint not null auto_increment, isbn varchar(13), title varchar(100) not null, num_pages varchar(255), primary key (id)) engine=InnoDB
Hibernate: create table categories (min_age integer, id bigint not null auto_increment, name varchar(255), primary key (id)) engine=InnoDB
Hibernate: create table films (duration integer, release_date date, id bigint not null auto_increment, title varchar(255), primary key (id)) engine=InnoDB
Hibernate: create table films_categories (categories_id bigint not null, film_id bigint not null) engine=InnoDB
Hibernate: create table users (address_id bigint, id bigint not null auto_increment, email varchar(255), password varchar(255), primary key (id)) engine=InnoDB
Hibernate: alter table author add constraint UK_grm3merlhi91rac0mu26swyhf unique (email)
Hibernate: alter table users add constraint UK_hbvhqvjgmhd5omxyo67ynvbyp unique (address_id)
Hibernate: alter table book add constraint FKklnrv3weler2ftkweewlky958 foreign key (author_id) references author (id)
Hibernate: alter table films_categories add constraint FKkbqfnq9py5xl1sbfom0dfrko8 foreign key (categories_id) references categories (id)
Hibernate: alter table films_categories add constraint FKksm5810247sab9tqf0x9qe7og foreign key (film_id) references films (id)
Hibernate: alter table users add constraint FKditu6lr4ek16tkxtdsne0gxib foreign key (address_id) references address (id)
2024-02-09T22:41:08.108+01:00  INFO 17540 --- [           main] j.LocalContainerEntityManagerFactoryBean : Initialized JPA EntityManagerFactory for persistence unit 'default'
2024-02-09T22:41:08.652+01:00  WARN 17540 --- [           main] JpaBaseConfiguration$JpaWebConfiguration : spring.jpa.open-in-view is enabled by default. Therefore, database queries may be performed during view rendering. Explicitly configure spring.jpa.open-in-view to disable this warning
2024-02-09T22:41:09.057+01:00  INFO 17540 --- [           main] com.sas.Spring006MysqlApplicationTests   : Started Spring006MysqlApplicationTests in 4.868 seconds (process running for 5.956)
]]></system-out>
    <system-err><![CDATA[WARNING: A Java agent has been loaded dynamically (C:\Users\30\.m2\repository\net\bytebuddy\byte-buddy-agent\1.14.11\byte-buddy-agent-1.14.11.jar)
WARNING: If a serviceability tool is in use, please run with -XX:+EnableDynamicAgentLoading to hide this warning
WARNING: If a serviceability tool is not in use, please run with -Djdk.instrument.traceUsage for more information
WARNING: Dynamic loading of agents will be disallowed by default in a future release
]]></system-err>
  </testcase>
</testsuite>